INFO-FLOW: Workspace /home/tjt7a/src/ultrascan-hls/ultrascan_kernel/ultrascan_kernel/solution1 opened at Tue Jun 22 09:04:09 EDT 2021
Execute     send_msg_by_id INFO @200-1505@%s%s default  vivado 
INFO: [HLS 200-1505] Using default flow_target 'vivado'
Execute     get_config_interface -m_axi_latency 
Execute     get_config_interface -m_axi_alignment_byte_size 
Execute     get_config_interface -m_axi_max_widen_bitwidth 
Execute     get_config_interface -default_interface 
Execute     get_config_rtl -register_reset_num 
Execute   set_part xcu280-fsvh2892-2L-e 
INFO: [HLS 200-1510] Running: set_part xcu280-fsvh2892-2L-e 
Execute     create_platform xcu280-fsvh2892-2L-e -board  
DBG:HLSDevice: Trying to load device library: /tools/Xilinx/Vitis_HLS/2021.2/lib/lnx64.o/librdi_hlsvwrap.so
DBG:HLSDevice: first parts/arch.xml in RDI_DATADIR: /tools/Xilinx/Vivado/2021.2/data/parts/arch.xml
DBG:HLSDevice: init success
Execute       source /tools/Xilinx/Vitis_HLS/2021.2/common/technology/xilinx/DSP48/dsp48.hlp 
Execute       source /tools/Xilinx/Vitis_HLS/2021.2/common/technology/xilinx/DSP48/virtexuplus_dsp48e2.hlp 
INFO: [HLS 200-1611] Setting target device to 'xcu280-fsvh2892-2L-e'
Command     create_platform done; 1.39 sec.
Execute     source /tools/Xilinx/Vitis_HLS/2021.2/common/technology/xilinx/common/xilinx.gen 
Execute       source /tools/Xilinx/Vitis_HLS/2021.2/common/technology/xilinx/interface/plb46.gen 
Execute       source /tools/Xilinx/Vitis_HLS/2021.2/common/technology/xilinx/interface/axi4.gen 
Execute       source /tools/Xilinx/Vitis_HLS/2021.2/common/technology/xilinx/interface/nativeAXI4.gen 
Execute         source /tools/Xilinx/Vitis_HLS/2021.2/common/technology/xilinx/interface/saxilite.gen 
Execute         source /tools/Xilinx/Vitis_HLS/2021.2/common/technology/xilinx/interface/maxi.gen 
Execute       source /tools/Xilinx/Vitis_HLS/2021.2/common/technology/xilinx/scripts/xilinxcoregen.gen 
Execute       source /tools/Xilinx/Vitis_HLS/2021.2/common/technology/xilinx/interface/XilEDKCoreGen.gen 
Execute       source /tools/Xilinx/Vitis_HLS/2021.2/common/technology/xilinx/ip/util.gen 
Execute       source /tools/Xilinx/Vitis_HLS/2021.2/common/technology/xilinx/ip/xfir.gen 
Execute       source /tools/Xilinx/Vitis_HLS/2021.2/common/technology/xilinx/ip/xfft.gen 
Execute       source /tools/Xilinx/Vitis_HLS/2021.2/common/technology/xilinx/ip/dds_compiler.gen 
Execute       source /tools/Xilinx/Vitis_HLS/2021.2/common/technology/xilinx/DSP48/dsp48.gen 
Command     ap_source done; 0.11 sec.
Execute     ap_part_info -name xcu280-fsvh2892-2L-e -data info 
Execute     config_compile -quiet -complex-mul-dsp=0 
Command   set_part done; 1.53 sec.
Execute   create_clock -period 800MHz 
INFO: [HLS 200-1510] Running: create_clock -period 800MHz 
Execute     ap_set_clock -name default -period 1.25 -unit ns -default=false 
INFO: [SYN 201-201] Setting up clock 'default' with a period of 1.25ns.
Execute   csim_design 
INFO: [HLS 200-1510] Running: csim_design 
INFO: [SIM 211-2] *************** CSIM start ***************
INFO: [SIM 211-4] CSIM will launch GCC as the compiler.
Execute     ap_part_info -name xcu280-fsvh2892-2L-e -data info 
Execute     source run_sim.tcl 
INFO: [SIM 211-1] CSim done with 0 errors.
INFO: [SIM 211-3] *************** CSIM finish ***************
Command   csim_design done; 3.8 sec.
INFO: [HLS 200-111] Finished Command csim_design CPU user time: 4.18 seconds. CPU system time: 0.8 seconds. Elapsed time: 3.8 seconds; current allocated memory: -937.109 MB.
Execute   csynth_design 
INFO: [HLS 200-1510] Running: csynth_design 
Execute     get_config_compile -effort 
Execute     get_config_compile -enable_clang39 
Execute     get_config_compile -g 
Execute     get_config_compile -hw_syn 
Execute     get_config_compile -ng 
Execute     get_config_compile -opt_fp 
Execute     get_config_compile -skip_cdt 
Execute     get_config_compile -skip_syncheck 
Execute     get_config_compile -skip_transform 
Execute     get_config_compile -pre_tcl 
Execute     get_config_compile -keep_printf 
Execute     elaborate -effort=medium -skip_syncheck=0 -keep_printf=0 -skip_cdt=0 -skip_transform=0 -ng=0 -g=0 -opt_fp=0 -from_csynth_design=1 
WARNING: [HLS 200-40] Skipped source file 'ultrascan.json'. Source files must have extensions .c, .C, .cc, .cpp, .c++, .cp, or .cxx.
INFO: [HLS 200-111] Finished File checks and directory preparation: CPU user time: 0.01 seconds. CPU system time: 0 seconds. Elapsed time: 0.02 seconds; current allocated memory: 281.934 MB.
INFO: [HLS 200-10] Analyzing design file 'ultrascan.cpp' ... 
INFO-FLOW: Compiling one TU...
Execute       get_config_compile -pragma_strict_mode 
INFO-FLOW: Handling ultrascan.cpp as C++
Execute       ap_part_info -name xcu280-fsvh2892-2L-e -data info 
INFO-FLOW: Running: GCC PP 39
INFO-FLOW: Source preprocessing
Execute       ap_eval exec -ignorestderr /tools/Xilinx/Vitis_HLS/2021.2/lnx64/tools/clang-3.9-csynth/bin/clang ultrascan.cpp -foptimization-record-file=/home/tjt7a/src/ultrascan-hls/ultrascan_kernel/ultrascan_kernel/solution1/.autopilot/db/ultrascan.cpp.clang.diag.yml -mllvm -pass-remarks-missed=reflow|pasta|unroll -mllvm -pass-remarks=reflow|pasta|unroll|inline -fno-limit-debug-info -gcc-toolchain /tools/Xilinx/Vitis_HLS/2021.2/tps/lnx64/gcc-6.2.0 -fhls -fno-exceptions -E -fno-math-errno -c -emit-llvm -mllvm -disable-llvm-optzns -Werror=implicit-function-declaration -Werror=implicit-hls-streams -Werror=return-type -Wpragmas -Wunused-parameter -Wdump-hls-pragmas -fno-threadsafe-statics -fno-use-cxa-atexit -std=gnu++14 -target fpga64-xilinx-linux-gnu -fno-threadsafe-statics -fno-use-cxa-atexit -D__VITIS_HLS__ -DAESL_SYN -D__SYNTHESIS__ -D__HLS_SYN__ -I /tools/Xilinx/Vitis_HLS/2021.2/common/technology/autopilot -I /tools/Xilinx/Vitis_HLS/2021.2/common/technology/autopilot/ap_sysc -include etc/autopilot_ssdm_op.h -D__DSP48E2__ -I /usr/include/x86_64-linux-gnu -o /home/tjt7a/src/ultrascan-hls/ultrascan_kernel/ultrascan_kernel/solution1/.autopilot/db/ultrascan.pp.0.cpp -hls-platform-db-name=/tools/Xilinx/Vitis_HLS/2021.2/common/technology/xilinx/common/platform.db -hls-platform-name=virtexuplus_medium > /home/tjt7a/src/ultrascan-hls/ultrascan_kernel/ultrascan_kernel/solution1/.autopilot/db/ultrascan.cpp.clang.out.log 2> /home/tjt7a/src/ultrascan-hls/ultrascan_kernel/ultrascan_kernel/solution1/.autopilot/db/ultrascan.cpp.clang.err.log 
Command       ap_eval done; 0.15 sec.
INFO-FLOW: Done: GCC PP 39 time: 0.2 seconds per iteration
Execute       set_directive_top example -name=example 
Execute       source /tools/Xilinx/Vitis_HLS/2021.2/tps/tcl/tcllib1.11.1/yaml/huddle.tcl 
Execute       source /tools/Xilinx/Vitis_HLS/2021.2/tps/tcl/tcllib1.11.1/yaml/json2huddle.tcl 
Execute         source /tools/Xilinx/Vitis_HLS/2021.2/tps/tcl/tcllib1.11.1/try/try.tcl 
Execute       list_core -type functional_unit 
INFO-FLOW: Source syntax check for synthesis
Execute       ap_eval exec -ignorestderr /tools/Xilinx/Vitis_HLS/2021.2/lnx64/tools/clang-3.9-csynth/bin/clang -foptimization-record-file=/home/tjt7a/src/ultrascan-hls/ultrascan_kernel/ultrascan_kernel/solution1/.autopilot/db/clang.diag.yml -mllvm -pass-remarks-missed=reflow|pasta|unroll -mllvm -pass-remarks=reflow|pasta|unroll|inline -fsyntax-only -fhls -target fpga64-xilinx-linux-gnu /home/tjt7a/src/ultrascan-hls/ultrascan_kernel/ultrascan_kernel/solution1/.autopilot/db/ultrascan.pp.0.cpp -hls-platform-db-name=/tools/Xilinx/Vitis_HLS/2021.2/common/technology/xilinx/common/platform.db -hls-platform-name=virtexuplus_medium > /home/tjt7a/src/ultrascan-hls/ultrascan_kernel/ultrascan_kernel/solution1/.autopilot/db/clang.out.log 2> /home/tjt7a/src/ultrascan-hls/ultrascan_kernel/ultrascan_kernel/solution1/.autopilot/db/clang.err.log 
Command       ap_eval done; 0.65 sec.
Execute       clang_tidy xilinx-systemc-detector -desc systemc-detector /home/tjt7a/src/ultrascan-hls/ultrascan_kernel/ultrascan_kernel/solution1/.autopilot/db/ultrascan.pp.0.cpp std=gnu++14 -target fpga  -directive=/home/tjt7a/src/ultrascan-hls/ultrascan_kernel/ultrascan_kernel/solution1/.autopilot/db/.systemc_flag 
INFO-FLOW: exec /tools/Xilinx/Vitis_HLS/2021.2/lnx64/tools/clang-3.9-csynth/bin/clang-tidy -header-filter=.* --checks=-*,xilinx-systemc-detector -import-directive=/home/tjt7a/src/ultrascan-hls/ultrascan_kernel/ultrascan_kernel/solution1/.autopilot/db/.systemc_flag -fix-errors /home/tjt7a/src/ultrascan-hls/ultrascan_kernel/ultrascan_kernel/solution1/.autopilot/db/ultrascan.pp.0.cpp -- -std=gnu++14 -target fpga -fhls -ferror-limit=0
Command       clang_tidy done; 0.61 sec.
INFO-FLOW: Running: clang-tidy CDT preprocess 39
Execute       clang_tidy xilinx-directive2pragma -desc directive2pragma /home/tjt7a/src/ultrascan-hls/ultrascan_kernel/ultrascan_kernel/solution1/.autopilot/db/ultrascan.pp.0.cpp std=gnu++14 -target fpga  -directive=/home/tjt7a/src/ultrascan-hls/ultrascan_kernel/ultrascan_kernel/solution1/.autopilot/db/all.directive.json 
INFO-FLOW: exec /tools/Xilinx/Vitis_HLS/2021.2/lnx64/tools/clang-3.9-csynth/bin/clang-tidy -header-filter=.* --checks=-*,xilinx-directive2pragma -import-directive=/home/tjt7a/src/ultrascan-hls/ultrascan_kernel/ultrascan_kernel/solution1/.autopilot/db/all.directive.json -fix-errors /home/tjt7a/src/ultrascan-hls/ultrascan_kernel/ultrascan_kernel/solution1/.autopilot/db/ultrascan.pp.0.cpp -- -std=gnu++14 -target fpga -fhls -ferror-limit=0
Command       clang_tidy done; 0.59 sec.
Execute       clang_tidy xilinx-constantarray-param,xilinx-remove-assert -desc constantarray_remove-assert /home/tjt7a/src/ultrascan-hls/ultrascan_kernel/ultrascan_kernel/solution1/.autopilot/db/ultrascan.pp.0.cpp std=gnu++14 -target fpga  
INFO-FLOW: exec /tools/Xilinx/Vitis_HLS/2021.2/lnx64/tools/clang-3.9-csynth/bin/clang-tidy -header-filter=.* --checks=-*,xilinx-constantarray-param,xilinx-remove-assert -fix-errors /home/tjt7a/src/ultrascan-hls/ultrascan_kernel/ultrascan_kernel/solution1/.autopilot/db/ultrascan.pp.0.cpp -- -std=gnu++14 -target fpga -fhls -ferror-limit=0
Command       clang_tidy done; 0.71 sec.
INFO-FLOW: Done: clang-tidy CDT preprocess 39 time: 1.3 seconds per iteration
INFO-FLOW: Calling xilinx-label-all-loops ... 
INFO-FLOW: Calling xilinx-aggregate-on-hls-vector ... 
Execute       clang_tidy -errorcheck -desc loop-label xilinx-label-all-loops,xilinx-aggregate-on-hls-vector,,xilinx-warn-mayneed-no-ctor-attribute /home/tjt7a/src/ultrascan-hls/ultrascan_kernel/ultrascan_kernel/solution1/.autopilot/db/ultrascan.pp.0.cpp std=gnu++14 -target fpga  
Execute         ap_eval exec -ignorestderr /tools/Xilinx/Vitis_HLS/2021.2/lnx64/tools/clang-3.9-csynth/bin/clang-tidy -export-fixes=/home/tjt7a/src/ultrascan-hls/ultrascan_kernel/ultrascan_kernel/solution1/.autopilot/db/ultrascan.pp.0.cpp.clang-tidy.loop-label.diag.yml -header-filter=.* --checks=-*,xilinx-label-all-loops,xilinx-aggregate-on-hls-vector,,xilinx-warn-mayneed-no-ctor-attribute -fix-errors /home/tjt7a/src/ultrascan-hls/ultrascan_kernel/ultrascan_kernel/solution1/.autopilot/db/ultrascan.pp.0.cpp -- -std=gnu++14 -target fpga -fhls -ferror-limit=0 > /home/tjt7a/src/ultrascan-hls/ultrascan_kernel/ultrascan_kernel/solution1/.autopilot/db/ultrascan.pp.0.cpp.clang-tidy.loop-label.out.log 2> /home/tjt7a/src/ultrascan-hls/ultrascan_kernel/ultrascan_kernel/solution1/.autopilot/db/ultrascan.pp.0.cpp.clang-tidy.loop-label.err.log 
Command         ap_eval done; 1.12 sec.
Execute         source /tools/Xilinx/Vitis_HLS/2021.2/tps/tcl/tcllib1.11.1/yaml/yaml.tcl 
Command       clang_tidy done; 1.16 sec.
Execute       get_config_dataflow -strict_mode 
Execute       ap_eval exec -ignorestderr /tools/Xilinx/Vitis_HLS/2021.2/lnx64/tools/clang-3.9-csynth/bin/xilinx-dataflow-lawyer -export-fixes=/home/tjt7a/src/ultrascan-hls/ultrascan_kernel/ultrascan_kernel/solution1/.autopilot/db/ultrascan.pp.0.cpp.xilinx-dataflow-lawyer.diag.yml /home/tjt7a/src/ultrascan-hls/ultrascan_kernel/ultrascan_kernel/solution1/.autopilot/db/ultrascan.pp.0.cpp -- -std=gnu++14 -target fpga -fhls -ferror-limit=0 -fstrict-dataflow > /home/tjt7a/src/ultrascan-hls/ultrascan_kernel/ultrascan_kernel/solution1/.autopilot/db/ultrascan.pp.0.cpp.xilinx-dataflow-lawyer.out.log 2> /home/tjt7a/src/ultrascan-hls/ultrascan_kernel/ultrascan_kernel/solution1/.autopilot/db/ultrascan.pp.0.cpp.xilinx-dataflow-lawyer.err.log 
Command       ap_eval done; 0.58 sec.
Execute       ap_part_info -name xcu280-fsvh2892-2L-e -data info 
INFO-FLOW: compiling source code to llvm bc
Execute       ap_eval exec -ignorestderr /tools/Xilinx/Vitis_HLS/2021.2/lnx64/tools/clang-3.9-csynth/bin/clang -foptimization-record-file=/home/tjt7a/src/ultrascan-hls/ultrascan_kernel/ultrascan_kernel/solution1/.autopilot/db/ultrascan.pp.0.cpp.clang.diag.yml -mllvm -pass-remarks-missed=reflow|pasta|unroll -mllvm -pass-remarks=reflow|pasta|unroll|inline -fno-limit-debug-info -fhls -flto -fno-exceptions -Wno-error=c++11-narrowing /home/tjt7a/src/ultrascan-hls/ultrascan_kernel/ultrascan_kernel/solution1/.autopilot/db/ultrascan.pp.0.cpp -fno-math-errno -c -emit-llvm -mllvm -disable-llvm-optzns -Werror=implicit-function-declaration -Werror=implicit-hls-streams -Werror=return-type -Wpragmas -Wunused-parameter -Wdump-hls-pragmas -fno-threadsafe-statics -fno-use-cxa-atexit -std=gnu++14 -target fpga64-xilinx-linux-gnu -D__VITIS_HLS__ -DAESL_SYN -D__SYNTHESIS__ -D__HLS_SYN__ -I /tools/Xilinx/Vitis_HLS/2021.2/common/technology/autopilot -I /tools/Xilinx/Vitis_HLS/2021.2/common/technology/autopilot/ap_sysc -include etc/autopilot_ssdm_op.h -D__DSP48E2__ -g -o /home/tjt7a/src/ultrascan-hls/ultrascan_kernel/ultrascan_kernel/solution1/.autopilot/db/ultrascan.bc -hls-platform-db-name=/tools/Xilinx/Vitis_HLS/2021.2/common/technology/xilinx/common/platform.db -hls-platform-name=virtexuplus_medium > /home/tjt7a/src/ultrascan-hls/ultrascan_kernel/ultrascan_kernel/solution1/.autopilot/db/ultrascan.pp.0.cpp.clang.out.log 2> /home/tjt7a/src/ultrascan-hls/ultrascan_kernel/ultrascan_kernel/solution1/.autopilot/db/ultrascan.pp.0.cpp.clang.err.log 
Command       ap_eval done; 0.65 sec.
INFO: [HLS 200-10] Analyzing design file 'example.cpp' ... 
INFO-FLOW: Compiling one TU...
Execute       get_config_compile -pragma_strict_mode 
INFO-FLOW: Handling example.cpp as C++
Execute       ap_part_info -name xcu280-fsvh2892-2L-e -data info 
INFO-FLOW: Running: GCC PP 39
INFO-FLOW: Source preprocessing
Execute       ap_eval exec -ignorestderr /tools/Xilinx/Vitis_HLS/2021.2/lnx64/tools/clang-3.9-csynth/bin/clang example.cpp -foptimization-record-file=/home/tjt7a/src/ultrascan-hls/ultrascan_kernel/ultrascan_kernel/solution1/.autopilot/db/example.cpp.clang.diag.yml -mllvm -pass-remarks-missed=reflow|pasta|unroll -mllvm -pass-remarks=reflow|pasta|unroll|inline -fno-limit-debug-info -gcc-toolchain /tools/Xilinx/Vitis_HLS/2021.2/tps/lnx64/gcc-6.2.0 -fhls -fno-exceptions -E -fno-math-errno -c -emit-llvm -mllvm -disable-llvm-optzns -Werror=implicit-function-declaration -Werror=implicit-hls-streams -Werror=return-type -Wpragmas -Wunused-parameter -Wdump-hls-pragmas -fno-threadsafe-statics -fno-use-cxa-atexit -std=gnu++14 -target fpga64-xilinx-linux-gnu -fno-threadsafe-statics -fno-use-cxa-atexit -D__VITIS_HLS__ -DAESL_SYN -D__SYNTHESIS__ -D__HLS_SYN__ -I /tools/Xilinx/Vitis_HLS/2021.2/common/technology/autopilot -I /tools/Xilinx/Vitis_HLS/2021.2/common/technology/autopilot/ap_sysc -include etc/autopilot_ssdm_op.h -D__DSP48E2__ -I /usr/include/x86_64-linux-gnu -o /home/tjt7a/src/ultrascan-hls/ultrascan_kernel/ultrascan_kernel/solution1/.autopilot/db/example.pp.0.cpp -hls-platform-db-name=/tools/Xilinx/Vitis_HLS/2021.2/common/technology/xilinx/common/platform.db -hls-platform-name=virtexuplus_medium > /home/tjt7a/src/ultrascan-hls/ultrascan_kernel/ultrascan_kernel/solution1/.autopilot/db/example.cpp.clang.out.log 2> /home/tjt7a/src/ultrascan-hls/ultrascan_kernel/ultrascan_kernel/solution1/.autopilot/db/example.cpp.clang.err.log 
Command       ap_eval done; 0.15 sec.
INFO-FLOW: Done: GCC PP 39 time: 0.2 seconds per iteration
Execute       set_directive_top example -name=example 
Execute       list_core -type functional_unit 
INFO-FLOW: Source syntax check for synthesis
Execute       ap_eval exec -ignorestderr /tools/Xilinx/Vitis_HLS/2021.2/lnx64/tools/clang-3.9-csynth/bin/clang -foptimization-record-file=/home/tjt7a/src/ultrascan-hls/ultrascan_kernel/ultrascan_kernel/solution1/.autopilot/db/clang.diag.yml -mllvm -pass-remarks-missed=reflow|pasta|unroll -mllvm -pass-remarks=reflow|pasta|unroll|inline -fsyntax-only -fhls -target fpga64-xilinx-linux-gnu /home/tjt7a/src/ultrascan-hls/ultrascan_kernel/ultrascan_kernel/solution1/.autopilot/db/example.pp.0.cpp -hls-platform-db-name=/tools/Xilinx/Vitis_HLS/2021.2/common/technology/xilinx/common/platform.db -hls-platform-name=virtexuplus_medium > /home/tjt7a/src/ultrascan-hls/ultrascan_kernel/ultrascan_kernel/solution1/.autopilot/db/clang.out.log 2> /home/tjt7a/src/ultrascan-hls/ultrascan_kernel/ultrascan_kernel/solution1/.autopilot/db/clang.err.log 
Command       ap_eval done; 0.64 sec.
Execute       clang_tidy xilinx-systemc-detector -desc systemc-detector /home/tjt7a/src/ultrascan-hls/ultrascan_kernel/ultrascan_kernel/solution1/.autopilot/db/example.pp.0.cpp std=gnu++14 -target fpga  -directive=/home/tjt7a/src/ultrascan-hls/ultrascan_kernel/ultrascan_kernel/solution1/.autopilot/db/.systemc_flag 
INFO-FLOW: exec /tools/Xilinx/Vitis_HLS/2021.2/lnx64/tools/clang-3.9-csynth/bin/clang-tidy -header-filter=.* --checks=-*,xilinx-systemc-detector -import-directive=/home/tjt7a/src/ultrascan-hls/ultrascan_kernel/ultrascan_kernel/solution1/.autopilot/db/.systemc_flag -fix-errors /home/tjt7a/src/ultrascan-hls/ultrascan_kernel/ultrascan_kernel/solution1/.autopilot/db/example.pp.0.cpp -- -std=gnu++14 -target fpga -fhls -ferror-limit=0
Command       clang_tidy done; 0.63 sec.
INFO-FLOW: Running: clang-tidy CDT preprocess 39
Execute       clang_tidy xilinx-directive2pragma -desc directive2pragma /home/tjt7a/src/ultrascan-hls/ultrascan_kernel/ultrascan_kernel/solution1/.autopilot/db/example.pp.0.cpp std=gnu++14 -target fpga  -directive=/home/tjt7a/src/ultrascan-hls/ultrascan_kernel/ultrascan_kernel/solution1/.autopilot/db/all.directive.json 
INFO-FLOW: exec /tools/Xilinx/Vitis_HLS/2021.2/lnx64/tools/clang-3.9-csynth/bin/clang-tidy -header-filter=.* --checks=-*,xilinx-directive2pragma -import-directive=/home/tjt7a/src/ultrascan-hls/ultrascan_kernel/ultrascan_kernel/solution1/.autopilot/db/all.directive.json -fix-errors /home/tjt7a/src/ultrascan-hls/ultrascan_kernel/ultrascan_kernel/solution1/.autopilot/db/example.pp.0.cpp -- -std=gnu++14 -target fpga -fhls -ferror-limit=0
Command       clang_tidy done; 0.97 sec.
Execute       clang_tidy xilinx-constantarray-param,xilinx-remove-assert -desc constantarray_remove-assert /home/tjt7a/src/ultrascan-hls/ultrascan_kernel/ultrascan_kernel/solution1/.autopilot/db/example.pp.0.cpp std=gnu++14 -target fpga  
INFO-FLOW: exec /tools/Xilinx/Vitis_HLS/2021.2/lnx64/tools/clang-3.9-csynth/bin/clang-tidy -header-filter=.* --checks=-*,xilinx-constantarray-param,xilinx-remove-assert -fix-errors /home/tjt7a/src/ultrascan-hls/ultrascan_kernel/ultrascan_kernel/solution1/.autopilot/db/example.pp.0.cpp -- -std=gnu++14 -target fpga -fhls -ferror-limit=0
Command       clang_tidy done; 0.7 sec.
INFO-FLOW: Done: clang-tidy CDT preprocess 39 time: 1.7 seconds per iteration
INFO-FLOW: Calling xilinx-label-all-loops ... 
INFO-FLOW: Calling xilinx-aggregate-on-hls-vector ... 
Execute       clang_tidy -errorcheck -desc loop-label xilinx-label-all-loops,xilinx-aggregate-on-hls-vector,,xilinx-warn-mayneed-no-ctor-attribute /home/tjt7a/src/ultrascan-hls/ultrascan_kernel/ultrascan_kernel/solution1/.autopilot/db/example.pp.0.cpp std=gnu++14 -target fpga  
Execute         ap_eval exec -ignorestderr /tools/Xilinx/Vitis_HLS/2021.2/lnx64/tools/clang-3.9-csynth/bin/clang-tidy -export-fixes=/home/tjt7a/src/ultrascan-hls/ultrascan_kernel/ultrascan_kernel/solution1/.autopilot/db/example.pp.0.cpp.clang-tidy.loop-label.diag.yml -header-filter=.* --checks=-*,xilinx-label-all-loops,xilinx-aggregate-on-hls-vector,,xilinx-warn-mayneed-no-ctor-attribute -fix-errors /home/tjt7a/src/ultrascan-hls/ultrascan_kernel/ultrascan_kernel/solution1/.autopilot/db/example.pp.0.cpp -- -std=gnu++14 -target fpga -fhls -ferror-limit=0 > /home/tjt7a/src/ultrascan-hls/ultrascan_kernel/ultrascan_kernel/solution1/.autopilot/db/example.pp.0.cpp.clang-tidy.loop-label.out.log 2> /home/tjt7a/src/ultrascan-hls/ultrascan_kernel/ultrascan_kernel/solution1/.autopilot/db/example.pp.0.cpp.clang-tidy.loop-label.err.log 
Command         ap_eval done; 1.11 sec.
Command       clang_tidy done; 1.15 sec.
Execute       get_config_dataflow -strict_mode 
Execute       ap_eval exec -ignorestderr /tools/Xilinx/Vitis_HLS/2021.2/lnx64/tools/clang-3.9-csynth/bin/xilinx-dataflow-lawyer -export-fixes=/home/tjt7a/src/ultrascan-hls/ultrascan_kernel/ultrascan_kernel/solution1/.autopilot/db/example.pp.0.cpp.xilinx-dataflow-lawyer.diag.yml /home/tjt7a/src/ultrascan-hls/ultrascan_kernel/ultrascan_kernel/solution1/.autopilot/db/example.pp.0.cpp -- -std=gnu++14 -target fpga -fhls -ferror-limit=0 -fstrict-dataflow > /home/tjt7a/src/ultrascan-hls/ultrascan_kernel/ultrascan_kernel/solution1/.autopilot/db/example.pp.0.cpp.xilinx-dataflow-lawyer.out.log 2> /home/tjt7a/src/ultrascan-hls/ultrascan_kernel/ultrascan_kernel/solution1/.autopilot/db/example.pp.0.cpp.xilinx-dataflow-lawyer.err.log 
Command       ap_eval done; 0.57 sec.
Execute       ap_part_info -name xcu280-fsvh2892-2L-e -data info 
INFO-FLOW: compiling source code to llvm bc
Execute       ap_eval exec -ignorestderr /tools/Xilinx/Vitis_HLS/2021.2/lnx64/tools/clang-3.9-csynth/bin/clang -foptimization-record-file=/home/tjt7a/src/ultrascan-hls/ultrascan_kernel/ultrascan_kernel/solution1/.autopilot/db/example.pp.0.cpp.clang.diag.yml -mllvm -pass-remarks-missed=reflow|pasta|unroll -mllvm -pass-remarks=reflow|pasta|unroll|inline -fno-limit-debug-info -fhls -flto -fno-exceptions -Wno-error=c++11-narrowing /home/tjt7a/src/ultrascan-hls/ultrascan_kernel/ultrascan_kernel/solution1/.autopilot/db/example.pp.0.cpp -fno-math-errno -c -emit-llvm -mllvm -disable-llvm-optzns -Werror=implicit-function-declaration -Werror=implicit-hls-streams -Werror=return-type -Wpragmas -Wunused-parameter -Wdump-hls-pragmas -fno-threadsafe-statics -fno-use-cxa-atexit -std=gnu++14 -target fpga64-xilinx-linux-gnu -D__VITIS_HLS__ -DAESL_SYN -D__SYNTHESIS__ -D__HLS_SYN__ -I /tools/Xilinx/Vitis_HLS/2021.2/common/technology/autopilot -I /tools/Xilinx/Vitis_HLS/2021.2/common/technology/autopilot/ap_sysc -include etc/autopilot_ssdm_op.h -D__DSP48E2__ -g -o /home/tjt7a/src/ultrascan-hls/ultrascan_kernel/ultrascan_kernel/solution1/.autopilot/db/example.bc -hls-platform-db-name=/tools/Xilinx/Vitis_HLS/2021.2/common/technology/xilinx/common/platform.db -hls-platform-name=virtexuplus_medium > /home/tjt7a/src/ultrascan-hls/ultrascan_kernel/ultrascan_kernel/solution1/.autopilot/db/example.pp.0.cpp.clang.out.log 2> /home/tjt7a/src/ultrascan-hls/ultrascan_kernel/ultrascan_kernel/solution1/.autopilot/db/example.pp.0.cpp.clang.err.log 
Command       ap_eval done; 0.66 sec.
INFO: [HLS 200-111] Finished Source Code Analysis and Preprocessing: CPU user time: 9.65 seconds. CPU system time: 1.13 seconds. Elapsed time: 10.77 seconds; current allocated memory: 283.914 MB.
INFO-FLOW: Linking Debug ...
INFO-FLOW: Linking dut bc code.
Execute       run_link_or_opt -out /home/tjt7a/src/ultrascan-hls/ultrascan_kernel/ultrascan_kernel/solution1/.autopilot/db/a.g.ld.0.bc -args  "/home/tjt7a/src/ultrascan-hls/ultrascan_kernel/ultrascan_kernel/solution1/.autopilot/db/ultrascan.g.bc" "/home/tjt7a/src/ultrascan-hls/ultrascan_kernel/ultrascan_kernel/solution1/.autopilot/db/example.g.bc"  
Execute         ap_eval exec -ignorestderr /tools/Xilinx/Vitis_HLS/2021.2/lnx64/tools/clang-3.9-csynth/bin/llvm-link /home/tjt7a/src/ultrascan-hls/ultrascan_kernel/ultrascan_kernel/solution1/.autopilot/db/ultrascan.g.bc /home/tjt7a/src/ultrascan-hls/ultrascan_kernel/ultrascan_kernel/solution1/.autopilot/db/example.g.bc -o /home/tjt7a/src/ultrascan-hls/ultrascan_kernel/ultrascan_kernel/solution1/.autopilot/db/a.g.ld.0.bc > /home/tjt7a/src/ultrascan-hls/ultrascan_kernel/ultrascan_kernel/solution1/.autopilot/db/a.g.ld.0.bc.llvm-link.out.log 2> /home/tjt7a/src/ultrascan-hls/ultrascan_kernel/ultrascan_kernel/solution1/.autopilot/db/a.g.ld.0.bc.llvm-link.err.log 
INFO-FLOW: 
Execute       run_link_or_opt -opt -out /home/tjt7a/src/ultrascan-hls/ultrascan_kernel/ultrascan_kernel/solution1/.autopilot/db/a.g.ld.1.lower.bc -args /home/tjt7a/src/ultrascan-hls/ultrascan_kernel/ultrascan_kernel/solution1/.autopilot/db/a.g.ld.0.bc -reflow-lower-math-intrinsics 
Execute         ap_eval exec -ignorestderr /tools/Xilinx/Vitis_HLS/2021.2/lnx64/tools/clang-3.9-csynth/bin/opt -pass-remarks-missed=reflow|pasta|unroll -pass-remarks=reflow|pasta|unroll|inline -pass-remarks-output=/home/tjt7a/src/ultrascan-hls/ultrascan_kernel/ultrascan_kernel/solution1/.autopilot/db/a.g.ld.1.lower.bc.opt.diag.yml /home/tjt7a/src/ultrascan-hls/ultrascan_kernel/ultrascan_kernel/solution1/.autopilot/db/a.g.ld.0.bc -reflow-lower-math-intrinsics -o /home/tjt7a/src/ultrascan-hls/ultrascan_kernel/ultrascan_kernel/solution1/.autopilot/db/a.g.ld.1.lower.bc > /home/tjt7a/src/ultrascan-hls/ultrascan_kernel/ultrascan_kernel/solution1/.autopilot/db/a.g.ld.1.lower.bc.opt.out.log 2> /home/tjt7a/src/ultrascan-hls/ultrascan_kernel/ultrascan_kernel/solution1/.autopilot/db/a.g.ld.1.lower.bc.opt.err.log 
INFO-FLOW: 
INFO-FLOW: Linking math bc lib
Execute       run_link_or_opt -out /home/tjt7a/src/ultrascan-hls/ultrascan_kernel/ultrascan_kernel/solution1/.autopilot/db/a.g.ld.2.m1.bc -args /home/tjt7a/src/ultrascan-hls/ultrascan_kernel/ultrascan_kernel/solution1/.autopilot/db/a.g.ld.1.lower.bc -only-needed /tools/Xilinx/Vitis_HLS/2021.2/lnx64/lib/libhlsm_39.bc /tools/Xilinx/Vitis_HLS/2021.2/lnx64/lib/libhlsmc++_39.bc 
Execute         ap_eval exec -ignorestderr /tools/Xilinx/Vitis_HLS/2021.2/lnx64/tools/clang-3.9-csynth/bin/llvm-link /home/tjt7a/src/ultrascan-hls/ultrascan_kernel/ultrascan_kernel/solution1/.autopilot/db/a.g.ld.1.lower.bc -only-needed /tools/Xilinx/Vitis_HLS/2021.2/lnx64/lib/libhlsm_39.bc /tools/Xilinx/Vitis_HLS/2021.2/lnx64/lib/libhlsmc++_39.bc -o /home/tjt7a/src/ultrascan-hls/ultrascan_kernel/ultrascan_kernel/solution1/.autopilot/db/a.g.ld.2.m1.bc > /home/tjt7a/src/ultrascan-hls/ultrascan_kernel/ultrascan_kernel/solution1/.autopilot/db/a.g.ld.2.m1.bc.llvm-link.out.log 2> /home/tjt7a/src/ultrascan-hls/ultrascan_kernel/ultrascan_kernel/solution1/.autopilot/db/a.g.ld.2.m1.bc.llvm-link.err.log 
Command         ap_eval done; 2.64 sec.
INFO-FLOW: 
Command       run_link_or_opt done; 2.64 sec.
Execute       run_link_or_opt -opt -out /home/tjt7a/src/ultrascan-hls/ultrascan_kernel/ultrascan_kernel/solution1/.autopilot/db/a.g.ld.3.fpc.bc -args /home/tjt7a/src/ultrascan-hls/ultrascan_kernel/ultrascan_kernel/solution1/.autopilot/db/a.g.ld.2.m1.bc -reflow-globaldce -hls-top-function-name=example -reflow-float-conversion 
Execute         ap_eval exec -ignorestderr /tools/Xilinx/Vitis_HLS/2021.2/lnx64/tools/clang-3.9-csynth/bin/opt -pass-remarks-missed=reflow|pasta|unroll -pass-remarks=reflow|pasta|unroll|inline -pass-remarks-output=/home/tjt7a/src/ultrascan-hls/ultrascan_kernel/ultrascan_kernel/solution1/.autopilot/db/a.g.ld.3.fpc.bc.opt.diag.yml /home/tjt7a/src/ultrascan-hls/ultrascan_kernel/ultrascan_kernel/solution1/.autopilot/db/a.g.ld.2.m1.bc -reflow-globaldce -hls-top-function-name=example -reflow-float-conversion -o /home/tjt7a/src/ultrascan-hls/ultrascan_kernel/ultrascan_kernel/solution1/.autopilot/db/a.g.ld.3.fpc.bc > /home/tjt7a/src/ultrascan-hls/ultrascan_kernel/ultrascan_kernel/solution1/.autopilot/db/a.g.ld.3.fpc.bc.opt.out.log 2> /home/tjt7a/src/ultrascan-hls/ultrascan_kernel/ultrascan_kernel/solution1/.autopilot/db/a.g.ld.3.fpc.bc.opt.err.log 
Command         ap_eval done; 0.94 sec.
INFO-FLOW: 
Command       run_link_or_opt done; 0.95 sec.
Execute       run_link_or_opt -out /home/tjt7a/src/ultrascan-hls/ultrascan_kernel/ultrascan_kernel/solution1/.autopilot/db/a.g.ld.4.m2.bc -args /home/tjt7a/src/ultrascan-hls/ultrascan_kernel/ultrascan_kernel/solution1/.autopilot/db/a.g.ld.3.fpc.bc -only-needed /tools/Xilinx/Vitis_HLS/2021.2/lnx64/lib/libfloatconversion_39.bc 
Execute         ap_eval exec -ignorestderr /tools/Xilinx/Vitis_HLS/2021.2/lnx64/tools/clang-3.9-csynth/bin/llvm-link /home/tjt7a/src/ultrascan-hls/ultrascan_kernel/ultrascan_kernel/solution1/.autopilot/db/a.g.ld.3.fpc.bc -only-needed /tools/Xilinx/Vitis_HLS/2021.2/lnx64/lib/libfloatconversion_39.bc -o /home/tjt7a/src/ultrascan-hls/ultrascan_kernel/ultrascan_kernel/solution1/.autopilot/db/a.g.ld.4.m2.bc > /home/tjt7a/src/ultrascan-hls/ultrascan_kernel/ultrascan_kernel/solution1/.autopilot/db/a.g.ld.4.m2.bc.llvm-link.out.log 2> /home/tjt7a/src/ultrascan-hls/ultrascan_kernel/ultrascan_kernel/solution1/.autopilot/db/a.g.ld.4.m2.bc.llvm-link.err.log 
INFO-FLOW: 
Execute       run_link_or_opt -opt -out /home/tjt7a/src/ultrascan-hls/ultrascan_kernel/ultrascan_kernel/solution1/.autopilot/db/a.g.ld.5.gdce.bc -args /home/tjt7a/src/ultrascan-hls/ultrascan_kernel/ultrascan_kernel/solution1/.autopilot/db/a.g.ld.4.m2.bc -reflow-globaldce -hls-top-function-name=example 
Execute         ap_eval exec -ignorestderr /tools/Xilinx/Vitis_HLS/2021.2/lnx64/tools/clang-3.9-csynth/bin/opt -pass-remarks-missed=reflow|pasta|unroll -pass-remarks=reflow|pasta|unroll|inline -pass-remarks-output=/home/tjt7a/src/ultrascan-hls/ultrascan_kernel/ultrascan_kernel/solution1/.autopilot/db/a.g.ld.5.gdce.bc.opt.diag.yml /home/tjt7a/src/ultrascan-hls/ultrascan_kernel/ultrascan_kernel/solution1/.autopilot/db/a.g.ld.4.m2.bc -reflow-globaldce -hls-top-function-name=example -o /home/tjt7a/src/ultrascan-hls/ultrascan_kernel/ultrascan_kernel/solution1/.autopilot/db/a.g.ld.5.gdce.bc > /home/tjt7a/src/ultrascan-hls/ultrascan_kernel/ultrascan_kernel/solution1/.autopilot/db/a.g.ld.5.gdce.bc.opt.out.log 2> /home/tjt7a/src/ultrascan-hls/ultrascan_kernel/ultrascan_kernel/solution1/.autopilot/db/a.g.ld.5.gdce.bc.opt.err.log 
INFO-FLOW: 
Execute       get_solution -flow_target 
Execute       get_config_export -xo 
Execute       get_config_export -format 
Execute       get_config_rtl -module_prefix 
Execute       get_config_interface -default_slave_interface 
Execute       get_solution -flow_target 
Execute       get_config_export -xo 
Execute       get_config_export -format 
Execute       get_config_interface -m_axi_offset 
Execute       get_config_interface -m_axi_latency 
Execute       get_config_interface -m_axi_alignment_byte_size 
Execute       get_config_interface -m_axi_min_bitwidth 
Execute       get_config_interface -m_axi_max_bitwidth 
Execute       get_config_interface -m_axi_max_widen_bitwidth 
Execute       get_config_interface -m_axi_num_read_outstanding 
Execute       get_config_interface -m_axi_num_write_outstanding 
Execute       get_config_interface -m_axi_max_read_burst_length 
Execute       get_config_interface -m_axi_max_write_burst_length 
Execute       get_config_interface -m_axi_min_bitwidth 
Execute       get_config_interface -m_axi_max_bitwidth 
Execute       get_config_interface -m_axi_latency 
Execute       get_config_interface -m_axi_min_bitwidth 
Execute       get_config_interface -m_axi_max_bitwidth 
Execute       get_config_interface -m_axi_max_widen_bitwidth 
Execute       get_config_interface -m_axi_auto_max_ports 
Execute       get_config_interface -m_axi_num_read_outstanding 
Execute       get_config_interface -m_axi_num_write_outstanding 
Execute       get_config_interface -m_axi_max_read_burst_length 
Execute       get_config_interface -m_axi_max_write_burst_length 
Execute       get_config_interface -s_axilite_data64 
Execute       get_config_compile -instruction_warning_threshold 
Execute       get_config_interface -m_axi_alignment_byte_size 
Execute       get_config_compile -pragma_strict_mode 
Execute       get_config_compile -pipeline_style 
Execute       get_config_array_partition -throughput_driven 
Execute       send_msg_by_id INFO @200-777@%s Vivado 
INFO: [HLS 200-777] Using interface defaults for 'Vivado' flow target.
Execute       is_m_axi_addr64 
INFO-FLOW: Doing LTO.
Execute       ap_eval exec -ignorestderr /tools/Xilinx/Vitis_HLS/2021.2/lnx64/tools/clang-3.9-csynth/bin/clang -foptimization-record-file=/home/tjt7a/src/ultrascan-hls/ultrascan_kernel/ultrascan_kernel/solution1/.autopilot/db/a.g.ld.0.bc.clang.diag.yml -mllvm -pass-remarks-missed=reflow|pasta|unroll -mllvm -pass-remarks=reflow|pasta|unroll|inline -fhls -mllvm -hls-top-function-name=example -mllvm -hls-db-dir -mllvm /home/tjt7a/src/ultrascan-hls/ultrascan_kernel/ultrascan_kernel/solution1/.autopilot/db -emit-llvm -c -target fpga64-xilinx-none -mllvm -xcl-xmlinfo=/home/tjt7a/src/ultrascan-hls/ultrascan_kernel/ultrascan_kernel/solution1/.autopilot/db/kernel.internal.xml -mllvm -top-io-mapping-info=/home/tjt7a/src/ultrascan-hls/ultrascan_kernel/ultrascan_kernel/solution1/.autopilot/db/top-io-fe.xml -mllvm -hls-bitcode-version=3.1 -mllvm -reflow-enable-slave-interface-default-setting=true -mllvm -gen-kernel-xml=false -mllvm -default-maxi-offset=slave -mllvm -maxi-latency=0 -mllvm -hls-maxi-data-size-in-bits=8 -mllvm -hls-maxi-max-data-size-in-bits=1024 -mllvm -hls-max-widen-size-in-bits=0 -mllvm -xcl-kernel-max-mem-ports=0 -mllvm -maxi-read-trans=16 -mllvm -maxi-write-trans=16 -mllvm -maxi-read-burst-len=16 -mllvm -maxi-write-burst-len=16 -mllvm -reflow-enable-saxi-64bits=0 -mllvm -reflow-basic-block-instr-threshhold=200000 -mllvm -assume-maxi-align=0 -mllvm -no-unaligned-maxi-accesses -mllvm -blackbox=/home/tjt7a/src/ultrascan-hls/ultrascan_kernel/ultrascan.json -mllvm -reflow-pipeline-style-llvm-setting=0 -mllvm -reflow-auto-array-partition-mode=default -mllvm -reflow-enable-auto-array-partition=true -mllvm -reflow-aggregate-bitwidth-threshold=4096 -mllvm -reflow-disaggregate-bitwidth-threshold=4096 -mllvm -hls -mllvm -disable-inlined-alloca-merging=true -x ir /home/tjt7a/src/ultrascan-hls/ultrascan_kernel/ultrascan_kernel/solution1/.autopilot/db/a.g.ld.5.gdce.bc -o /home/tjt7a/src/ultrascan-hls/ultrascan_kernel/ultrascan_kernel/solution1/.autopilot/db/a.g.lto.bc -hls-platform-db-name=/tools/Xilinx/Vitis_HLS/2021.2/common/technology/xilinx/common/platform.db -hls-platform-name=virtexuplus_medium > /home/tjt7a/src/ultrascan-hls/ultrascan_kernel/ultrascan_kernel/solution1/.autopilot/db/a.g.ld.0.bc.clang.out.log 2> /home/tjt7a/src/ultrascan-hls/ultrascan_kernel/ultrascan_kernel/solution1/.autopilot/db/a.g.ld.0.bc.clang.err.log 
Command       ap_eval done; 0.14 sec.
INFO: [HLS 214-284] Auto array partition mode is set into default.
INFO: [HLS 214-241] Aggregating scalar variable 'report' with compact=bit mode in 251-bits (example.cpp:23:0)
INFO: [HLS 214-270] Starting automatic array partition analysis...
INFO-FLOW: DBG:PUTS: copy_raw_kernel_xml ap_link_39: kernel.xml not generated: /home/tjt7a/src/ultrascan-hls/ultrascan_kernel/ultrascan_kernel/solution1/.autopilot/db/kernel.internal.xml
INFO: [HLS 200-111] Finished Compiling Optimization and Transform: CPU user time: 3.63 seconds. CPU system time: 0.4 seconds. Elapsed time: 4.04 seconds; current allocated memory: 284.258 MB.
INFO: [HLS 200-111] Finished Checking Pragmas: CPU user time: 0 seconds. CPU system time: 0 seconds. Elapsed time: 0 seconds; current allocated memory: 284.258 MB.
Execute       opt_and_import_c a -opt_level=2 -skip_syncheck=0 -ng=0 -keep_printf=0 
Execute         cleanup_all_models 
INFO: [HLS 200-10] Starting code transformations ...
INFO-FLOW: Running Standard Transforms...
Execute         transform -hls -share-std-xform -demangle-name -inline-byval-memcpy -always-inline -promote-dbg-pointer -interface-preproc -mem2reg -scalarrepl -mem2reg -keep-read-access -instcombine -dce -promote-dbg-pointer -bitop-raise -loop-simplify -indvarspre -indvars -loop-simplify -xunroll -constprop -instcombine -simplifycfg -indvars -simplifycfg -dce -globaldce -basicaa -simplifycfg -mem2reg -globalopt -global-constprop -deadargelim -instcombine -simplifycfg -scalarrepl -instcombine -reassociate -licm -simplifycfg -loop-simplify -indvars -instcombine -simplifycfg -mem2reg -loop-simplify -indvars -instcombine -gvn -gvn -instcombine -adce -break-crit-edges -simplifycfg -loop-delete -global-array-opt -dce -dse -adce -find-syn-modules -top example -deadargelim -mem2reg -instcombine -dce -presyn-prepare -auto-rom-infer -interface-preproc -syn-check -check-rec-only -find-region -simplifycfg -func-extr -function-inline -globaldce -mem2reg -instcombine -dce -gvn -globaldce -adce -adse -constprop -instcombine -bit-constprop -instcombine -dce -simplifycfg -bitop-raise -simplifycfg -dce -loop-delete -reassociate -globalopt -global-privatize -mem2reg -dce -global-constprop -pointer-simplify -constprop -dce -func-inst -deadargelim -auto-shift-reg-idiom -promote-dbg-pointer -norm-name /home/tjt7a/src/ultrascan-hls/ultrascan_kernel/ultrascan_kernel/solution1/.autopilot/db/a.g.0.bc -o /home/tjt7a/src/ultrascan-hls/ultrascan_kernel/ultrascan_kernel/solution1/.autopilot/db/a.g.1.bc -f -phase std-opt 
INFO: [HLS 200-111] Finished Standard Transforms: CPU user time: 0.02 seconds. CPU system time: 0 seconds. Elapsed time: 0.03 seconds; current allocated memory: 287.945 MB.
INFO: [HLS 200-10] Checking synthesizability ...
INFO-FLOW: Checking Synthesizability 1/2..
Execute         transform -hls -syn-check -check-rec-only -scalarrepl -norm-name -dce -mem2reg -instcombine -function-uniquify -directive-preproc -mem2reg -dse -dce -auto-rom-infer -dce -pag -array-normalize -instcombine -dce -array-seg-normalize -instcombine -dce -data-pack -instcombine -dce -inst-simplify -array-flatten -instcombine -dce -array-burst -dce -deadargelim -promote-global-argument -simplifycfg -mem2reg -globaldce -dce -deadargelim -dce -instcombine -function-inline -globaldce -dce -doublePtrSimplify -doublePtrElim -dce -doublePtrSimplify -promote-dbg-pointer -dce -scalarrepl -dse -adse -instcombine -ptrLegalization -simplifycfg -dce -instcombine -pointer-simplify -ptrArgReplace -dce -instcombine -resolve-double-ptr -scalarrepl -norm-name -dce -mem2reg -instcombine -ptrLegalization -simplifycfg -deadargelim -instcombine -dce -inst-simplify -function-uniquify -directive-preproc -mem2reg -dse -dce -globaldce -check-dspbuiltin /home/tjt7a/src/ultrascan-hls/ultrascan_kernel/ultrascan_kernel/solution1/.autopilot/db/a.g.1.bc -o /home/tjt7a/src/ultrascan-hls/ultrascan_kernel/ultrascan_kernel/solution1/.autopilot/db/a.g.2.prechk.bc -f 
INFO-FLOW: Checking Synthesizability 2/2..
Execute         transform -syn-check /home/tjt7a/src/ultrascan-hls/ultrascan_kernel/ultrascan_kernel/solution1/.autopilot/db/a.g.2.prechk.bc -o /home/tjt7a/src/ultrascan-hls/ultrascan_kernel/ultrascan_kernel/solution1/.autopilot/db/a.g.2.bc -f -phase syn-check 
INFO: [HLS 200-111] Finished Checking Synthesizability: CPU user time: 0.04 seconds. CPU system time: 0 seconds. Elapsed time: 0.04 seconds; current allocated memory: 292.594 MB.
INFO-FLOW: Compiler optimizing ...
INFO-FLOW: Share syncheck's 1.bc for syn flow: copy /home/tjt7a/src/ultrascan-hls/ultrascan_kernel/ultrascan_kernel/solution1/.autopilot/db/a.g.1.bc to /home/tjt7a/src/ultrascan-hls/ultrascan_kernel/ultrascan_kernel/solution1/.autopilot/db/a.o.1.bc
INFO-FLOW: Presyn 1...
Execute         transform -hls -tmp /home/tjt7a/src/ultrascan-hls/ultrascan_kernel/ultrascan_kernel/solution1/.autopilot/db -interface-port-rename -function-uniquify -directive-preproc -mem2reg -dse -dce -scalarrepl -norm-name -deadargelim -mem2reg -instcombine -dce -simplifycfg -auto-rom-infer -dce -function-uniquify -resource-proc -clib-intrinsic-prepare -dce -func-buffer -dce -pag -array-normalize -func-legal -instcombine -gvn -constprop -dce -simplifycfg -mem2reg -globaldce -resolve-double-ptr -dce -deadargelim -dce -instcombine -ptrArgReplace -mem2reg -dce -array-seg-normalize -deadargelim -instcombine -dce -function-uniquify -directive-preproc -mem2reg -dse -dce -pointer-simplify -dce -port-alignment -dce -interface-preproc -data-pack -instcombine -dce -basicaa -aggr-aa -aggrmodref-aa -aggr-aa -gvn -gvn -basicaa -aggr-aa -aggrmodref-aa -aggr-aa -dse -adse -adce -loop-simplify -indvars -instcombine -gvn -loop-simplify -mem2reg -dce -find-region -instcombine -auto-loop-pipeline -inst-simplify -interface-preproc -cfgopt -instcombine -indvars -auto-loop-unroll -loop-simplify -loop-bound -xunroll -constprop -instcombine -simplifycfg -indvars -simplifycfg -dce -globaldce -clean-region -attach-range -gvn -inst-simplify -constprop -simplifycfg -dce -pointer-simplify -dce -globalopt -constprop -dce -array-promote -constprop -dce -ptrArgReplace -mem2reg -simplifycfg -dce -instcombine -dce -array-transform-check -array-reshape -instcombine -simplifycfg -dce -ptrArgReplace -deadargelim -mem2reg -instcombine -simplifycfg -dce -indvars -loop-simplify -loop-bound -xunroll -constprop -instcombine -simplifycfg -indvars -simplifycfg -dce -globaldce -basicaa -aggr-aa -aggrmodref-aa -aggr-aa -dse -duplicate-dataflow-processes -globaldce -instcombine -array-partition -instcombine -simplifycfg -dce -ptrArgReplace -global-constprop -deadargelim -mem2reg -func-legal -dce -global-constprop -deadargelim -mem2reg -simplifycfg -dce -merge-param -deadargelim -globalopt -constprop -dce -array-promote -constprop -dce -ptrArgReplace -mem2reg -simplifycfg -dce -mem-intrinsic-preproc -dce -global-internalize -global-privatize -mem2reg -globaldce -promote-global-argument -ptrArgReplace -mem2reg -dce -globalopt -mergereturn -simplify-global-access -mem2reg -dce -pointer-simplify -dce -functionattrs -basicaa -aggr-aa -aggrmodref-aa -aggr-aa -gvn -gvn -basicaa -aggr-aa -aggrmodref-aa -aggr-aa -dse -adse -adce -dce -norm-name -basicaa -aggr-aa -aggrmodref-aa -aggr-aa -accesses-merge -function-inline -complex-op-raise -inst-simplify -globaldce -func-inst -constprop -instcombine -simplifycfg -dce -func-legal -dce -loop-bound -arraycheck -bitwidthmin2 -bitwidthmin2 -on-by-dataflow -loop-delete -instcombine -simplifycfg -globaldce -dce -gvn -deadargelim -dce -loop-simplify -clean-region -simplifycfg -propagate-stable-arguments -loop-stream -instcombine -simplifycfg -dce -globaldce -duplicate-dataflow-processes -stream-intrinsic-preproc -dce -check-ap-stream -loop-simplify -eliminate-keepreads -extract-dataflow-in-loop -loop-simplify -dce -gvn -deadargelim -dse -duplicate-dataflow-processes -check-dataflow-syntax -legalize-stream-variable -legalize-global -extract-subproc -dce -dead-channel-elimination -canonicalize-gep -globaldce -dce -gvn -hls-dead-arg-elim -deadargelim -directive-preproc -annotate-dataflow-channels -scalar-preprocessing -scalar-propagation2 -deadargelim -globaldce -mem2reg -check-dataflow-channels -function-stream -dce -globaldce -prop-fifo-spec -internal-stream-gen -canonicalize-gep -globaldce -dce -gvn -deadargelim -mergereturn -indvars -loop-simplify -instcombine -array-stream -array-seg-normalize -array-partition -func-legal -instcombine -simplifycfg -dce -bundle-memfifo-ops -deadargelim -function-uniquify -directive-preproc -mem2reg -dse -dce -group-axi-access -licm -simplifycfg -dce -loop-delete -hls-display -norm-name /home/tjt7a/src/ultrascan-hls/ultrascan_kernel/ultrascan_kernel/solution1/.autopilot/db/a.o.1.bc -o /home/tjt7a/src/ultrascan-hls/ultrascan_kernel/ultrascan_kernel/solution1/.autopilot/db/a.o.1.tmp.bc -f 
INFO-FLOW: Presyn 2...
Execute         transform -hls -keep-callgraph -scalarrepl -mem2reg -port-alignment -attach-range -dce -pipe-mux-gen -indvars -loop-bound -inst-simplify -instcombine -dce -merge-array-access -mem2reg -dce -clean-region -mergereturn -if-conv -instcombine -dce -constprop -basicaa -aggr-aa -aggrmodref-aa -aggr-aa -gvn -gvn -basicaa -aggr-aa -aggrmodref-aa -aggr-aa -dse -adse -adce -scalarrepl -mem2reg -global-constprop -deadargelim -deadargelim -instcombine -dce -simplifycfg -ptrArgReplace -mem2reg -function-inline -globaldce -mem2reg -instcombine -dce -expr-balance -instcombine -dce -bitwidthmin2 -bitwidthmin2 -interface-preproc -directive-preproc -inst-rectify -instcombine -dce -functionattrs -constprop -instcombine -bit-constprop -simplify-global-access -globalopt -globaldce -inst-simplify -instcombine -elimdeaddata -dce -loop-delete -simplifycfg -loop-simplify -auto-burst -barrier -norm-name /home/tjt7a/src/ultrascan-hls/ultrascan_kernel/ultrascan_kernel/solution1/.autopilot/db/a.o.1.tmp.bc -o /home/tjt7a/src/ultrascan-hls/ultrascan_kernel/ultrascan_kernel/solution1/.autopilot/db/a.o.2.bc -f -phase presyn 
INFO: [HLS 200-111] Finished Loop, function and other optimizations: CPU user time: 0.06 seconds. CPU system time: 0.01 seconds. Elapsed time: 0.06 seconds; current allocated memory: 318.258 MB.
Execute         get_config_compile -enable_auto_rewind 
Execute         get_config_compile -enable_loop_extract 
INFO-FLOW: Building ssdm...
Execute         transform -hls -function-uniquify -auto-function-inline -globaldce -ptrArgReplace -mem2reg -dce -reset-lda -loop-simplify -indvars -aggr-aa -licm -loop-dep -loop-bound -licm -loop-simplify -loop-sink-hoist -flattenloopnest -array-flatten -gvn -instcombine -dce -array-map -dce -func-legal -gvn -adce -instcombine -cfgopt -simplifycfg -loop-simplify -array-burst -promote-global-argument -dce -array-seg-normalize -basicaa -aggrmodref-aa -globalsmodref-aa -aggr-aa -gvn -gvn -basicaa -aggrmodref-aa -globalsmodref-aa -aggr-aa -dse -adse -adce -licm -inst-simplify -dce -globaldce -instcombine -array-stream -eliminate-keepreads -instcombine -dce -deadargelim -doublePtrSimplify -doublePtrElim -dce -doublePtrSimplify -promote-dbg-pointer -dce -scalarrepl -mem2reg -norm-name -mem2reg -instcombine -dse -adse -adce -ptrLegalization -dce -auto-rom-infer -array-flatten -dce -instcombine -check-doubleptr -loop-rot -constprop -cfgopt -simplifycfg -loop-simplify -indvars -pointer-simplify -dce -loop-bound -loop-simplify -loop-preproc -constprop -global-constprop -gvn -mem2reg -instcombine -dce -loop-bound -loop-merge -dce -deadargelim -dce -canonicalize-dataflow -dce -scalar-propagation2 -deadargelim -globaldce -mem2reg -load-elim -read-loop-dep -loop-simplify -loop-extract-inner -directive-preproc -bitwidthmin2 -bitwidthmin2 -read-loop-dep -interface-preproc -directive-preproc -interface-gen -bram-byte-enable -deadargelim -inst-simplify -dce -gvn -mem2reg -instcombine -dce -adse -loop-bound -instcombine -cfgopt -simplifycfg -loop-simplify -clean-region -io-protocol -find-region -mem2reg -bitop-raise -complex-op-raise -inst-simplify -inst-rectify -instcombine -adce -deadargelim -float-op-raise -loop-simplify -phi-opt -bitop-raise -cfgopt -simplifycfg -strip-dead-prototypes -interface-lower -bitop-lower -intrinsic-lower -auto-function-inline -basicaa -aggrmodref-aa -globalsmodref-aa -aggr-aa -inst-simplify -simplifycfg -loop-simplify -mergereturn -inst-simplify -inst-rectify -dce -load-elim -bitop-lower -float-op-raise -fma-raise -loop-rewind -pointer-simplify -dce -cfgopt -dce -loop-bound -loop-dep -read-loop-dep -dce -dyn-mem-reuse -dce -recurrence-min -dce -share-scalar-alloca -deadargelim -dce -check-stream -norm-name -legalize -validate-dataflow -inst-clarity -bitwidth -dump-loop-dep-to-ir -check-all-ssdm -cdfg-build /home/tjt7a/src/ultrascan-hls/ultrascan_kernel/ultrascan_kernel/solution1/.autopilot/db/a.o.2.bc -o /home/tjt7a/src/ultrascan-hls/ultrascan_kernel/ultrascan_kernel/solution1/.autopilot/db/a.o.3.bc -f -phase build-ssdm 
INFO: [HLS 200-111] Finished Architecture Synthesis: CPU user time: 0.03 seconds. CPU system time: 0 seconds. Elapsed time: 0.03 seconds; current allocated memory: 320.051 MB.
INFO-FLOW: Finish building internal data model.
Command       opt_and_import_c done; 0.16 sec.
Command     elaborate done; 14.98 sec.
Execute     ap_eval exec zip -j /home/tjt7a/src/ultrascan-hls/ultrascan_kernel/ultrascan_kernel/solution1/.autopilot/db/dut.hcp $dbDir/a.o.3.bc $dbDir/${topname}.rtl_wrap.cfg.tcl $dbDir/apatb_${topname}.cpp $dbDir/apatb_${topname}_util.cpp $dbDir/apatb_${topname}_ir.ll $dbDir/mapper_${topname}.cpp $dbDir/top-io-fe.xml $dbDir/kernel.internal.xml $workdir/../hls.app 
Execute     autosyn -from_csynth_design=1 
INFO: [HLS 200-10] Starting hardware synthesis ...
INFO-FLOW: Synthesizing C/C++ design ...
INFO: [HLS 200-10] Synthesizing 'example' ...
Execute       ap_set_top_model example 
Execute       get_model_list example -filter all-wo-channel -topdown 
Execute       preproc_iomode -model example 
Execute       preproc_iomode -model ultrascan 
Execute       get_model_list example -filter all-wo-channel 
INFO-FLOW: Model list for configure: ultrascan example
INFO-FLOW: Configuring Module : ultrascan ...
Execute       set_default_model ultrascan 
Execute       apply_spec_resource_limit ultrascan 
INFO-FLOW: Configuring Module : example ...
Execute       set_default_model example 
Execute       apply_spec_resource_limit example 
INFO-FLOW: Model list for preprocess: ultrascan example
INFO-FLOW: Preprocessing Module: ultrascan ...
Execute       set_default_model ultrascan 
Execute       cdfg_preprocess -model ultrascan 
Execute       rtl_gen_preprocess ultrascan 
INFO-FLOW: Preprocessing Module: example ...
Execute       set_default_model example 
Execute       cdfg_preprocess -model example 
Execute       rtl_gen_preprocess example 
INFO-FLOW: Model list for synthesis: ultrascan example
INFO: [HLS 200-10] ----------------------------------------------------------------
INFO: [HLS 200-42] -- Implementing module 'ultrascan' 
INFO: [HLS 200-10] ----------------------------------------------------------------
Execute       set_default_model ultrascan 
Execute       schedule -model ultrascan 
INFO: [SCHED 204-11] Skip scheduling the IP block.
INFO: [HLS 200-111] Finished Scheduling: CPU user time: 0.03 seconds. CPU system time: 0.03 seconds. Elapsed time: 0.07 seconds; current allocated memory: 320.215 MB.
Execute       syn_report -verbosereport -o /home/tjt7a/src/ultrascan-hls/ultrascan_kernel/ultrascan_kernel/solution1/.autopilot/db/ultrascan.verbose.sched.rpt 
Execute         AP::get_flow_target_display_name
Execute           get_solution -flow_target 
Execute       db_write -o /home/tjt7a/src/ultrascan-hls/ultrascan_kernel/ultrascan_kernel/solution1/.autopilot/db/ultrascan.sched.adb -f 
INFO-FLOW: Finish scheduling ultrascan.
Execute       set_default_model ultrascan 
Execute       bind -model ultrascan 
INFO: [BIND 205-100] Starting micro-architecture generation ...
INFO: [BIND 205-101] Performing variable lifetime analysis.
INFO: [BIND 205-101] Exploring resource sharing.
INFO: [BIND 205-101] Binding ...
INFO: [BIND 205-100] Finished micro-architecture generation.
INFO: [HLS 200-111] Finished Binding: CPU user time: 0.01 seconds. CPU system time: 0 seconds. Elapsed time: 0 seconds; current allocated memory: 320.230 MB.
Execute       syn_report -verbosereport -o /home/tjt7a/src/ultrascan-hls/ultrascan_kernel/ultrascan_kernel/solution1/.autopilot/db/ultrascan.verbose.bind.rpt 
Execute         AP::get_flow_target_display_name
Execute           get_solution -flow_target 
Execute       db_write -o /home/tjt7a/src/ultrascan-hls/ultrascan_kernel/ultrascan_kernel/solution1/.autopilot/db/ultrascan.bind.adb -f 
INFO-FLOW: Finish binding ultrascan.
INFO: [HLS 200-10] ----------------------------------------------------------------
INFO: [HLS 200-42] -- Implementing module 'example' 
INFO: [HLS 200-10] ----------------------------------------------------------------
Execute       set_default_model example 
Execute       schedule -model example 
INFO: [SCHED 204-11] Starting scheduling ...
INFO: [SCHED 204-11] Finished scheduling.
INFO: [HLS 200-111] Finished Scheduling: CPU user time: 0.02 seconds. CPU system time: 0 seconds. Elapsed time: 0.02 seconds; current allocated memory: 320.473 MB.
Execute       syn_report -verbosereport -o /home/tjt7a/src/ultrascan-hls/ultrascan_kernel/ultrascan_kernel/solution1/.autopilot/db/example.verbose.sched.rpt 
Execute         AP::get_flow_target_display_name
Execute           get_solution -flow_target 
Execute       db_write -o /home/tjt7a/src/ultrascan-hls/ultrascan_kernel/ultrascan_kernel/solution1/.autopilot/db/example.sched.adb -f 
INFO-FLOW: Finish scheduling example.
Execute       set_default_model example 
Execute       bind -model example 
INFO: [BIND 205-100] Starting micro-architecture generation ...
INFO: [BIND 205-101] Performing variable lifetime analysis.
INFO: [BIND 205-101] Exploring resource sharing.
INFO: [BIND 205-101] Binding ...
INFO: [BIND 205-100] Finished micro-architecture generation.
INFO: [HLS 200-111] Finished Binding: CPU user time: 0.01 seconds. CPU system time: 0 seconds. Elapsed time: 0.02 seconds; current allocated memory: 320.488 MB.
Execute       syn_report -verbosereport -o /home/tjt7a/src/ultrascan-hls/ultrascan_kernel/ultrascan_kernel/solution1/.autopilot/db/example.verbose.bind.rpt 
Execute         AP::get_flow_target_display_name
Execute           get_solution -flow_target 
Execute       db_write -o /home/tjt7a/src/ultrascan-hls/ultrascan_kernel/ultrascan_kernel/solution1/.autopilot/db/example.bind.adb -f 
INFO-FLOW: Finish binding example.
Execute       get_model_list example -filter all-wo-channel 
INFO-FLOW: Preprocessing for RTLGen ...
Execute       rtl_gen_preprocess ultrascan 
Execute       rtl_gen_preprocess example 
INFO-FLOW: Model list for RTL generation: ultrascan example
INFO: [HLS 200-10] ----------------------------------------------------------------
INFO: [HLS 200-10] -- Generating RTL for module 'ultrascan' 
INFO: [HLS 200-10] ----------------------------------------------------------------
Execute       get_config_rtl -module_prefix 
Execute       get_config_rtl -module_auto_prefix 
Execute       get_config_rtl -module_prefix 
Execute       get_config_rtl -module_auto_prefix 
Execute       create_rtl_model ultrascan -top_prefix example_ -sub_prefix example_ -mg_file /home/tjt7a/src/ultrascan-hls/ultrascan_kernel/ultrascan_kernel/solution1/.autopilot/db/ultrascan.compgen.tcl 
INFO: [RTGEN 206-100] Finished creating RTL model for 'ultrascan'.
INFO: [HLS 200-111] Finished Creating RTL model: CPU user time: 0.01 seconds. CPU system time: 0 seconds. Elapsed time: 0.01 seconds; current allocated memory: 320.535 MB.
Execute       source /home/tjt7a/src/ultrascan-hls/ultrascan_kernel/ultrascan_kernel/solution1/.autopilot/db/example.rtl_wrap.cfg.tcl 
Execute       gen_rtl ultrascan -style xilinx -f -lang vhdl -o /home/tjt7a/src/ultrascan-hls/ultrascan_kernel/ultrascan_kernel/solution1/syn/vhdl/example_ultrascan 
Execute       gen_rtl ultrascan -style xilinx -f -lang vlog -o /home/tjt7a/src/ultrascan-hls/ultrascan_kernel/ultrascan_kernel/solution1/syn/verilog/example_ultrascan 
Execute       syn_report -csynth -model ultrascan -o /home/tjt7a/src/ultrascan-hls/ultrascan_kernel/ultrascan_kernel/solution1/syn/report/ultrascan_csynth.rpt 
Execute         AP::get_flow_target_display_name
Execute           get_solution -flow_target 
Execute       syn_report -rtlxml -model ultrascan -o /home/tjt7a/src/ultrascan-hls/ultrascan_kernel/ultrascan_kernel/solution1/syn/report/ultrascan_csynth.xml 
Execute         get_solution -flow_target
Execute           get_solution -flow_target 
Execute       syn_report -verbosereport -model ultrascan -o /home/tjt7a/src/ultrascan-hls/ultrascan_kernel/ultrascan_kernel/solution1/.autopilot/db/ultrascan.verbose.rpt 
Execute         AP::get_flow_target_display_name
Execute           get_solution -flow_target 
Execute       db_write -model ultrascan -f -o /home/tjt7a/src/ultrascan-hls/ultrascan_kernel/ultrascan_kernel/solution1/.autopilot/db/ultrascan.adb 
Execute       db_write -model ultrascan -bindview -o /home/tjt7a/src/ultrascan-hls/ultrascan_kernel/ultrascan_kernel/solution1/.autopilot/db/design.bindinfo.xml 
Execute       gen_tb_info ultrascan -p /home/tjt7a/src/ultrascan-hls/ultrascan_kernel/ultrascan_kernel/solution1/.autopilot/db -o /home/tjt7a/src/ultrascan-hls/ultrascan_kernel/ultrascan_kernel/solution1/.autopilot/db/ultrascan 
INFO: [HLS 200-10] ----------------------------------------------------------------
INFO: [HLS 200-10] -- Generating RTL for module 'example' 
INFO: [HLS 200-10] ----------------------------------------------------------------
Execute       get_config_rtl -module_prefix 
Execute       get_config_rtl -module_prefix 
Execute       get_config_rtl -module_auto_prefix 
Execute       create_rtl_model example -top_prefix  -sub_prefix example_ -mg_file /home/tjt7a/src/ultrascan-hls/ultrascan_kernel/ultrascan_kernel/solution1/.autopilot/db/example.compgen.tcl 
INFO: [RTGEN 206-500] Setting interface mode on port 'example/input_symbols' to 'ap_none'.
INFO: [RTGEN 206-500] Setting interface mode on port 'example/report_r' to 'ap_vld'.
INFO: [RTGEN 206-500] Setting interface mode on function 'example' to 'ap_ctrl_hs'.
INFO: [RTGEN 206-100] Finished creating RTL model for 'example'.
INFO: [HLS 200-111] Finished Creating RTL model: CPU user time: 0.01 seconds. CPU system time: 0.01 seconds. Elapsed time: 0.01 seconds; current allocated memory: 320.883 MB.
Execute       source /home/tjt7a/src/ultrascan-hls/ultrascan_kernel/ultrascan_kernel/solution1/.autopilot/db/example.rtl_wrap.cfg.tcl 
Execute       gen_rtl example -istop -style xilinx -f -lang vhdl -o /home/tjt7a/src/ultrascan-hls/ultrascan_kernel/ultrascan_kernel/solution1/syn/vhdl/example 
Execute       gen_rtl example -istop -style xilinx -f -lang vlog -o /home/tjt7a/src/ultrascan-hls/ultrascan_kernel/ultrascan_kernel/solution1/syn/verilog/example 
Execute       syn_report -csynth -model example -o /home/tjt7a/src/ultrascan-hls/ultrascan_kernel/ultrascan_kernel/solution1/syn/report/example_csynth.rpt 
Execute         AP::get_flow_target_display_name
Execute           get_solution -flow_target 
Execute       syn_report -rtlxml -model example -o /home/tjt7a/src/ultrascan-hls/ultrascan_kernel/ultrascan_kernel/solution1/syn/report/example_csynth.xml 
Execute         get_solution -flow_target
Execute           get_solution -flow_target 
Execute       syn_report -verbosereport -model example -o /home/tjt7a/src/ultrascan-hls/ultrascan_kernel/ultrascan_kernel/solution1/.autopilot/db/example.verbose.rpt 
Execute         AP::get_flow_target_display_name
Execute           get_solution -flow_target 
Execute       db_write -model example -f -o /home/tjt7a/src/ultrascan-hls/ultrascan_kernel/ultrascan_kernel/solution1/.autopilot/db/example.adb 
Execute       db_write -model example -bindview -o /home/tjt7a/src/ultrascan-hls/ultrascan_kernel/ultrascan_kernel/solution1/.autopilot/db/design.bindinfo.xml 
Execute       gen_tb_info example -p /home/tjt7a/src/ultrascan-hls/ultrascan_kernel/ultrascan_kernel/solution1/.autopilot/db -o /home/tjt7a/src/ultrascan-hls/ultrascan_kernel/ultrascan_kernel/solution1/.autopilot/db/example 
Execute       export_constraint_db -f -tool general -o /home/tjt7a/src/ultrascan-hls/ultrascan_kernel/ultrascan_kernel/solution1/.autopilot/db/example.constraint.tcl 
Execute       syn_report -designview -model example -o /home/tjt7a/src/ultrascan-hls/ultrascan_kernel/ultrascan_kernel/solution1/.autopilot/db/example.design.xml 
Execute       syn_report -csynthDesign -model example -o /home/tjt7a/src/ultrascan-hls/ultrascan_kernel/ultrascan_kernel/solution1/syn/report/csynth.rpt 
Execute         AP::get_flow_target_display_name
Execute           get_solution -flow_target 
Execute       get_config_rtl -disable_wave_debug 
Execute       syn_report -wcfg -model example -o /home/tjt7a/src/ultrascan-hls/ultrascan_kernel/ultrascan_kernel/solution1/.autopilot/db/example_dataflow_ana.wcfg 
Execute       syn_report -protoinst -model example -o /home/tjt7a/src/ultrascan-hls/ultrascan_kernel/ultrascan_kernel/solution1/.autopilot/db/example.protoinst 
Execute       get_config_debug -directory 
Execute       sc_get_clocks example 
Execute       get_config_export -vivado_clock 
Execute       get_config_rtl -module_prefix 
Execute       get_config_rtl -module_prefix 
Execute       get_config_rtl -module_auto_prefix 
Execute       sc_get_portdomain example 
INFO-FLOW: Model list for RTL component generation: ultrascan example
INFO-FLOW: Handling components in module [ultrascan] ... 
Execute       source /home/tjt7a/src/ultrascan-hls/ultrascan_kernel/ultrascan_kernel/solution1/.autopilot/db/ultrascan.compgen.tcl 
INFO-FLOW: Handling components in module [example] ... 
Execute       source /home/tjt7a/src/ultrascan-hls/ultrascan_kernel/ultrascan_kernel/solution1/.autopilot/db/example.compgen.tcl 
INFO-FLOW: Append model ultrascan
INFO-FLOW: Append model example
INFO-FLOW: Generating RTL model list ...
INFO-FLOW: All models in this session: ultrascan example
INFO-FLOW: Generating /home/tjt7a/src/ultrascan-hls/ultrascan_kernel/ultrascan_kernel/solution1/.autopilot/db/autopilot.rtl.models.txt file...
INFO-FLOW: To file: write model ultrascan
INFO-FLOW: To file: write model example
INFO-FLOW: Generating /home/tjt7a/src/ultrascan-hls/ultrascan_kernel/ultrascan_kernel/solution1/.autopilot/db/autopilot.rtl.models.tcl file...
INFO-FLOW: Finished generating RTL model list.


INFO-FLOW: RTL Generation done.
INFO-FLOW: CAS Generation done.
INFO-FLOW: CBC Generation done.
INFO-FLOW: DBG:PROC: ::AESL_AUTOMG::auto_generate_csynth_design
Execute       get_top 
Execute       get_config_export -ipname 
Execute       get_config_export -xo 
Execute       get_config_export -format 
Execute       get_config_rtl -module_auto_prefix 
INFO-FLOW: DBG:PUTS: read_platform_lib /home/tjt7a/src/ultrascan-hls/ultrascan_kernel/ultrascan_kernel/solution1/.autopilot/db/global.setting.tcl
Execute       source /tools/Xilinx/Vitis_HLS/2021.2/common/technology/generic/autopilot/common.gen 
Execute         source /tools/Xilinx/Vitis_HLS/2021.2/common/technology/generic/autopilot/APCoreGen.gen 
Execute       source /tools/Xilinx/Vitis_HLS/2021.2/common/technology/generic/autopilot/op.gen 
Execute       source /tools/Xilinx/Vitis_HLS/2021.2/common/technology/generic/autopilot/op_simcore.gen 
Execute       source /tools/Xilinx/Vitis_HLS/2021.2/common/technology/generic/autopilot/interface.gen 
Execute       source /home/tjt7a/src/ultrascan-hls/ultrascan_kernel/ultrascan_kernel/solution1/.autopilot/db/global.setting.tcl 
Execute       source /tools/Xilinx/Vitis_HLS/2021.2/common/technology/xilinx/common/xilinx.gen 
Execute         source /tools/Xilinx/Vitis_HLS/2021.2/common/technology/xilinx/interface/plb46.gen 
Execute         source /tools/Xilinx/Vitis_HLS/2021.2/common/technology/xilinx/interface/axi4.gen 
Execute         source /tools/Xilinx/Vitis_HLS/2021.2/common/technology/xilinx/interface/nativeAXI4.gen 
Execute           source /tools/Xilinx/Vitis_HLS/2021.2/common/technology/xilinx/interface/saxilite.gen 
Execute           source /tools/Xilinx/Vitis_HLS/2021.2/common/technology/xilinx/interface/maxi.gen 
Execute         source /tools/Xilinx/Vitis_HLS/2021.2/common/technology/xilinx/scripts/xilinxcoregen.gen 
Execute         source /tools/Xilinx/Vitis_HLS/2021.2/common/technology/xilinx/interface/XilEDKCoreGen.gen 
Execute         source /tools/Xilinx/Vitis_HLS/2021.2/common/technology/xilinx/ip/util.gen 
Execute         source /tools/Xilinx/Vitis_HLS/2021.2/common/technology/xilinx/ip/xfir.gen 
Execute         source /tools/Xilinx/Vitis_HLS/2021.2/common/technology/xilinx/ip/xfft.gen 
Execute         source /tools/Xilinx/Vitis_HLS/2021.2/common/technology/xilinx/ip/dds_compiler.gen 
Execute         source /tools/Xilinx/Vitis_HLS/2021.2/common/technology/xilinx/DSP48/dsp48.gen 
Command       ap_source done; 0.12 sec.
INFO-FLOW: DBG:PUTS:   using AESL_AUTOCG::g_clock_period=1.250 (was NA)
INFO-FLOW: DBG:PROC: ::AESL_AUTOMG::generate_ip_cores gen_sim_model='1' gen_fp_models='0' gen_for_export='0' dstSCDir='' dstVhdlDir='/home/tjt7a/src/ultrascan-hls/ultrascan_kernel/ultrascan_kernel/solution1/.autopilot/db/vhdl' dstVlogDir='/home/tjt7a/src/ultrascan-hls/ultrascan_kernel/ultrascan_kernel/solution1/.autopilot/db/vlog' tclDir='/home/tjt7a/src/ultrascan-hls/ultrascan_kernel/ultrascan_kernel/solution1/.autopilot/db' modelList='ultrascan
example
' expOnly='0'
Execute       source /home/tjt7a/src/ultrascan-hls/ultrascan_kernel/ultrascan_kernel/solution1/.autopilot/db/global.setting.tcl 
Execute       ap_part_info -name xcu280-fsvh2892-2L-e -data names -quiet 
Execute       ap_part_info -name xcu280-fsvh2892-2L-e -data info -quiet 
Execute       source /home/tjt7a/src/ultrascan-hls/ultrascan_kernel/ultrascan_kernel/solution1/.autopilot/db/global.setting.tcl 
Execute       source /home/tjt7a/src/ultrascan-hls/ultrascan_kernel/ultrascan_kernel/solution1/.autopilot/db/global.setting.tcl 
Execute       source /home/tjt7a/src/ultrascan-hls/ultrascan_kernel/ultrascan_kernel/solution1/.autopilot/db/ultrascan.compgen.tcl 
Execute       source /home/tjt7a/src/ultrascan-hls/ultrascan_kernel/ultrascan_kernel/solution1/.autopilot/db/example.compgen.tcl 
INFO-FLOW: DBG:PUTS:       ::AP::copy_all_blackbox_rtl_files /home/tjt7a/src/ultrascan-hls/ultrascan_kernel/ultrascan_kernel/solution1/syn/verilog
INFO-FLOW: DBG:PUTS:       ::AP::copy_all_blackbox_rtl_files /home/tjt7a/src/ultrascan-hls/ultrascan_kernel/ultrascan_kernel/solution1/impl/verilog
INFO-FLOW: DBG:PUTS: Deleting /home/tjt7a/src/ultrascan-hls/ultrascan_kernel/ultrascan_kernel/solution1/syn/vhdl
INFO-FLOW: DBG:PUTS: Deleting /home/tjt7a/src/ultrascan-hls/ultrascan_kernel/ultrascan_kernel/solution1/impl/vhdl
INFO: [HLS 200-111] Finished Generating all RTL models: CPU user time: 0.17 seconds. CPU system time: 0.04 seconds. Elapsed time: 0.24 seconds; current allocated memory: 325.824 MB.
INFO-FLOW: DBG:PROC: ::AP::create_csynth_xml bind_adapter_nodes_var='bind_adapter_nodes' bind_report_dict_var='bind_report_dict' outfile=''
INFO-FLOW: Running: create_csynth_xml read xml data
INFO-FLOW: Done: create_csynth_xml read xml data time: 0 seconds per iteration
INFO-FLOW: Running: create_csynth_xml bind info
INFO-FLOW: No bind nodes found for module_name ultrascan
INFO-FLOW: No bind nodes found for module_name example
INFO-FLOW: Done: create_csynth_xml bind info time: 0 seconds per iteration
INFO-FLOW: Running: create_csynth_xml config info
Execute       get_config_op mul -impl 
Execute       get_config_op mul -latency 
Execute       get_config_op mul -precision 
Execute       get_config_op add -impl 
Execute       get_config_op add -latency 
Execute       get_config_op add -precision 
Execute       get_config_op sub -impl 
Execute       get_config_op sub -latency 
Execute       get_config_op sub -precision 
Execute       get_config_op fadd -impl 
Execute       get_config_op fadd -latency 
Execute       get_config_op fadd -precision 
Execute       get_config_op fsub -impl 
Execute       get_config_op fsub -latency 
Execute       get_config_op fsub -precision 
Execute       get_config_op fdiv -impl 
Execute       get_config_op fdiv -latency 
Execute       get_config_op fdiv -precision 
Execute       get_config_op fexp -impl 
Execute       get_config_op fexp -latency 
Execute       get_config_op fexp -precision 
Execute       get_config_op flog -impl 
Execute       get_config_op flog -latency 
Execute       get_config_op flog -precision 
Execute       get_config_op fmul -impl 
Execute       get_config_op fmul -latency 
Execute       get_config_op fmul -precision 
Execute       get_config_op frsqrt -impl 
Execute       get_config_op frsqrt -latency 
Execute       get_config_op frsqrt -precision 
Execute       get_config_op frecip -impl 
Execute       get_config_op frecip -latency 
Execute       get_config_op frecip -precision 
Execute       get_config_op fsqrt -impl 
Execute       get_config_op fsqrt -latency 
Execute       get_config_op fsqrt -precision 
Execute       get_config_op dadd -impl 
Execute       get_config_op dadd -latency 
Execute       get_config_op dadd -precision 
Execute       get_config_op dsub -impl 
Execute       get_config_op dsub -latency 
Execute       get_config_op dsub -precision 
Execute       get_config_op ddiv -impl 
Execute       get_config_op ddiv -latency 
Execute       get_config_op ddiv -precision 
Execute       get_config_op dexp -impl 
Execute       get_config_op dexp -latency 
Execute       get_config_op dexp -precision 
Execute       get_config_op dlog -impl 
Execute       get_config_op dlog -latency 
Execute       get_config_op dlog -precision 
Execute       get_config_op dmul -impl 
Execute       get_config_op dmul -latency 
Execute       get_config_op dmul -precision 
Execute       get_config_op drsqrt -impl 
Execute       get_config_op drsqrt -latency 
Execute       get_config_op drsqrt -precision 
Execute       get_config_op drecip -impl 
Execute       get_config_op drecip -latency 
Execute       get_config_op drecip -precision 
Execute       get_config_op dsqrt -impl 
Execute       get_config_op dsqrt -latency 
Execute       get_config_op dsqrt -precision 
Execute       get_config_op hadd -impl 
Execute       get_config_op hadd -latency 
Execute       get_config_op hadd -precision 
Execute       get_config_op hsub -impl 
Execute       get_config_op hsub -latency 
Execute       get_config_op hsub -precision 
Execute       get_config_op hdiv -impl 
Execute       get_config_op hdiv -latency 
Execute       get_config_op hdiv -precision 
Execute       get_config_op hmul -impl 
Execute       get_config_op hmul -latency 
Execute       get_config_op hmul -precision 
Execute       get_config_op hsqrt -impl 
Execute       get_config_op hsqrt -latency 
Execute       get_config_op hsqrt -precision 
Execute       get_config_op facc -impl 
Execute       get_config_op facc -latency 
Execute       get_config_op facc -precision 
Execute       get_config_op fmacc -impl 
Execute       get_config_op fmacc -latency 
Execute       get_config_op fmacc -precision 
Execute       get_config_op fmadd -impl 
Execute       get_config_op fmadd -latency 
Execute       get_config_op fmadd -precision 
Execute       get_config_storage fifo -auto_srl_max_bits 
Execute       get_config_storage fifo -auto_srl_max_depth 
Execute       get_config_storage fifo -impl 
Execute       get_solution -flow_target 
Execute       get_config_array_partition -complete_threshold 
Execute       get_config_array_partition -throughput_driven 
Execute       get_config_compile -enable_auto_rewind 
Execute       get_config_compile -name_max_length 
Execute       get_config_compile -no_signed_zeros 
Execute       get_config_compile -pipeline_loops 
Execute       get_config_compile -pipeline_style 
Execute       get_config_compile -pragma_strict_mode 
Execute       get_config_compile -pre_tcl 
Execute       get_config_compile -unsafe_math_optimizations 
Execute       get_config_dataflow -default_channel 
Execute       get_config_dataflow -disable_fifo_sizing_opt 
Execute       get_config_dataflow -fifo_depth 
Execute       get_config_dataflow -override_user_fifo_depth 
Execute       get_config_dataflow -scalar_fifo_depth 
Execute       get_config_dataflow -start_fifo_depth 
Execute       get_config_dataflow -strict_mode 
Execute       get_config_dataflow -strict_stable_sync 
Execute       get_config_dataflow -task_level_fifo_depth 
Execute       get_config_debug -directory 
Execute       get_config_debug -enable 
Execute       get_config_export -deadlock_detection 
Execute       get_config_export -description 
Execute       get_config_export -display_name 
Execute       get_config_export -format 
Execute       get_config_export -ip_xdc_file 
Execute       get_config_export -ip_xdc_ooc_file 
Execute       get_config_export -ipname 
Execute       get_config_export -library 
Execute       get_config_export -output 
Execute       get_config_export -rtl 
Execute       get_config_export -taxonomy 
Execute       get_config_export -vendor 
Execute       get_config_export -version 
Execute       get_config_export -vivado_clock 
Execute       get_config_export -vivado_impl_strategy 
Execute       get_config_export -vivado_max_timing_paths 
Execute       get_config_export -vivado_optimization_level 
Execute       get_config_export -vivado_pblock 
Execute       get_config_export -vivado_phys_opt 
Execute       get_config_export -vivado_report_level 
Execute       get_config_export -vivado_synth_design_args 
Execute       get_config_export -vivado_synth_strategy 
Execute       get_config_interface -clock_enable 
Execute       get_config_interface -default_slave_interface 
Execute       get_config_interface -m_axi_addr64 
Execute       get_config_interface -m_axi_alignment_byte_size 
Execute       get_config_interface -m_axi_auto_max_ports 
Execute       get_config_interface -m_axi_buffer_impl 
Execute       get_config_interface -m_axi_conservative_mode 
Execute       get_config_interface -m_axi_flush_mode 
Execute       get_config_interface -m_axi_latency 
Execute       get_config_interface -m_axi_max_bitwidth 
Execute       get_config_interface -m_axi_max_read_burst_length 
Execute       get_config_interface -m_axi_max_widen_bitwidth 
Execute       get_config_interface -m_axi_max_write_burst_length 
Execute       get_config_interface -m_axi_min_bitwidth 
Execute       get_config_interface -m_axi_num_read_outstanding 
Execute       get_config_interface -m_axi_num_write_outstanding 
Execute       get_config_interface -m_axi_offset 
Execute       get_config_interface -register_io 
Execute       get_config_interface -s_axilite_data64 
Execute       get_config_interface -s_axilite_mailbox 
Execute       get_config_interface -s_axilite_status_regs 
Execute       get_config_interface -s_axilite_sw_reset 
Execute       get_config_rtl -header 
Execute       get_config_rtl -kernel_profile 
Execute       get_config_rtl -module_auto_prefix 
Execute       get_config_rtl -module_prefix 
Execute       get_config_rtl -mult_keep_attribute 
Execute       get_config_rtl -register_all_io 
Execute       get_config_rtl -register_reset_num 
Execute       get_config_rtl -reset 
Execute       get_config_rtl -reset_async 
Execute       get_config_rtl -reset_level 
Execute       get_config_schedule -enable_dsp_full_reg 
Execute       get_config_unroll -tripcount_threshold 
INFO-FLOW: Done: create_csynth_xml config info time: 0 seconds per iteration
INFO-FLOW: Running: create_csynth_xml write xml
INFO-FLOW: Done: create_csynth_xml write xml time: 0 seconds per iteration
INFO-FLOW: DBG:PUTS:       create_csynth_xml wrote csynth_xml=/home/tjt7a/src/ultrascan-hls/ultrascan_kernel/ultrascan_kernel/solution1/syn/report/csynth.xml
INFO-FLOW: DBG:PROC: ::AP::DESIGN_DATA::generate_json generate_bd_files='0' generate_xo_files='0' modelList='ultrascan
example
' rtl_lang='both' bootstrap_tcl='false' outdir='' outfilename=''
Execute       source /home/tjt7a/src/ultrascan-hls/ultrascan_kernel/ultrascan_kernel/solution1/.autopilot/db/global.setting.tcl 
Execute       source /home/tjt7a/src/ultrascan-hls/ultrascan_kernel/ultrascan_kernel/solution1/.autopilot/db/global.setting.tcl 
Execute       get_solution -flow_target 
Execute       get_config_export -xo 
Execute       get_config_export -format 
Execute       source /home/tjt7a/src/ultrascan-hls/ultrascan_kernel/ultrascan_kernel/solution1/.autopilot/db/top-io-be.tcl 
Execute       source /home/tjt7a/src/ultrascan-hls/ultrascan_kernel/ultrascan_kernel/solution1/.autopilot/db/example.tbgen.tcl 
Execute       source /home/tjt7a/src/ultrascan-hls/ultrascan_kernel/ultrascan_kernel/solution1/.autopilot/db/example.rtl_wrap.cfg.tcl 
Execute       source /home/tjt7a/src/ultrascan-hls/ultrascan_kernel/ultrascan_kernel/solution1/.autopilot/db/example.compgen.dataonly.tcl 
Execute       get_config_export -format 
Execute       ap_part_info -name xcu280-fsvh2892-2L-e -data names -quiet 
Execute       ap_part_info -name xcu280-fsvh2892-2L-e -data info -quiet 
Execute       source /home/tjt7a/src/ultrascan-hls/ultrascan_kernel/ultrascan_kernel/solution1/.autopilot/db/ultrascan.tbgen.tcl 
Execute       source /home/tjt7a/src/ultrascan-hls/ultrascan_kernel/ultrascan_kernel/solution1/.autopilot/db/example.tbgen.tcl 
Execute       source /home/tjt7a/src/ultrascan-hls/ultrascan_kernel/ultrascan_kernel/solution1/.autopilot/db/global.setting.tcl 
Execute       ap_part_info -name xcu280-fsvh2892-2L-e -data names -quiet 
Execute       ap_part_info -name xcu280-fsvh2892-2L-e -data info -quiet 
Execute       get_solution -flow_target 
Execute       get_config_rtl -kernel_profile 
Execute       get_config_rtl -kernel_profile 
Execute       get_config_rtl -stall_sig_gen 
Execute       get_config_rtl -profile 
Execute       source /home/tjt7a/src/ultrascan-hls/ultrascan_kernel/ultrascan_kernel/solution1/.autopilot/db/example.constraint.tcl 
Execute       sc_get_clocks example 
Execute       source /home/tjt7a/src/ultrascan-hls/ultrascan_kernel/ultrascan_kernel/solution1/.autopilot/db/global.setting.tcl 
Execute       get_config_export -ip_xdc_file 
Execute       get_config_export -ip_xdc_ooc_file 
Execute       get_config_debug -directory 
INFO-FLOW: DBG:PROC: ::AP::add_csynth_report_sections bind_adapter_nodes='' bind_report_dict='TOP example DATA {example {DEPTH 1 CHILDREN ultrascan AREA {DSP 1 BRAM 0 URAM 0}} ultrascan {DEPTH 2 CHILDREN {} AREA {DSP 1 BRAM 0 URAM 0}}}'
INFO-FLOW: DBG:PUTS:       update_csynth_reports json2reportxml
INFO-FLOW: Running: gen_csynth_pragma_report_xml
INFO-FLOW: Done: gen_csynth_pragma_report_xml time: 0 seconds per iteration
INFO-FLOW: DBG:PUTS:       update_csynth_reports wrote xml
INFO-FLOW: DBG:PUTS:       update_csynth_reports appended to csynth rpt file
INFO: [HLS 200-111] Finished Updating report files: CPU user time: 0.21 seconds. CPU system time: 0 seconds. Elapsed time: 0.2 seconds; current allocated memory: 325.824 MB.
INFO: [VLOG 209-307] Generating Verilog RTL for example.
Execute       syn_report -model example -printsummary 
INFO: [HLS 200-789] **** Estimated Fmax: 400.00 MHz
Command     autosyn done; 0.54 sec.
Command   csynth_design done; 15.57 sec.
INFO: [HLS 200-111] Finished Command csynth_design CPU user time: 13.91 seconds. CPU system time: 1.62 seconds. Elapsed time: 15.57 seconds; current allocated memory: 43.891 MB.
Execute   cleanup_all 
